<?xml version="1.0" encoding="UTF-8"?>
<coverage generated="1676987118570" clover="3.2.0">
  <project timestamp="1676987118570" name="All files">
    <metrics statements="17" coveredstatements="15" conditionals="0" coveredconditionals="0" methods="5" coveredmethods="4" elements="22" coveredelements="19" complexity="0" loc="17" ncloc="17" packages="4" files="4" classes="4"/>
    <package name="handlers">
      <metrics statements="7" coveredstatements="6" conditionals="0" coveredconditionals="0" methods="2" coveredmethods="2"/>
      <file name="handler.ts" path="C:\Users\liviu.dumitrescu\Desktop\Serverless CodeBase-Sprint3\Serverless-codebase\myService\src\handlers\handler.ts">
        <metrics statements="7" coveredstatements="6" conditionals="0" coveredconditionals="0" methods="2" coveredmethods="2"/>
        <line num="2" count="1" type="stmt"/>
        <line num="3" count="1" type="stmt"/>
        <line num="5" count="1" type="stmt"/>
        <line num="8" count="1" type="stmt"/>
        <line num="10" count="1" type="stmt"/>
        <line num="13" count="2" type="stmt"/>
        <line num="15" count="0" type="stmt"/>
      </file>
    </package>
    <package name="util">
      <metrics statements="3" coveredstatements="3" conditionals="0" coveredconditionals="0" methods="0" coveredmethods="0"/>
      <file name="logging.ts" path="C:\Users\liviu.dumitrescu\Desktop\Serverless CodeBase-Sprint3\Serverless-codebase\myService\src\util\logging.ts">
        <metrics statements="3" coveredstatements="3" conditionals="0" coveredconditionals="0" methods="0" coveredmethods="0"/>
        <line num="1" count="2" type="stmt"/>
        <line num="2" count="10" type="stmt"/>
        <line num="4" count="2" type="stmt"/>
      </file>
    </package>
    <package name="util.aws">
      <metrics statements="4" coveredstatements="4" conditionals="0" coveredconditionals="0" methods="2" coveredmethods="2"/>
      <file name="SQS.ts" path="C:\Users\liviu.dumitrescu\Desktop\Serverless CodeBase-Sprint3\Serverless-codebase\myService\src\util\aws\SQS.ts">
        <metrics statements="4" coveredstatements="4" conditionals="0" coveredconditionals="0" methods="2" coveredmethods="2"/>
        <line num="3" count="1" type="stmt"/>
        <line num="4" count="1" type="stmt"/>
        <line num="5" count="1" type="stmt"/>
        <line num="6" count="1" type="stmt"/>
      </file>
    </package>
    <package name="util.handlers">
      <metrics statements="3" coveredstatements="2" conditionals="0" coveredconditionals="0" methods="1" coveredmethods="0"/>
      <file name="showMessage.ts" path="C:\Users\liviu.dumitrescu\Desktop\Serverless CodeBase-Sprint3\Serverless-codebase\myService\src\util\handlers\showMessage.ts">
        <metrics statements="3" coveredstatements="2" conditionals="0" coveredconditionals="0" methods="1" coveredmethods="0"/>
        <line num="2" count="1" type="stmt"/>
        <line num="6" count="1" type="stmt"/>
        <line num="7" count="0" type="stmt"/>
      </file>
    </package>
  </project>
</coverage>
