{"C:\\Users\\liviu.dumitrescu\\Desktop\\Serverless CodeBase-Sprint3\\Serverless-codebase\\myService\\src\\handlers\\handler.ts": {"path":"C:\\Users\\liviu.dumitrescu\\Desktop\\Serverless CodeBase-Sprint3\\Serverless-codebase\\myService\\src\\handlers\\handler.ts","statementMap":{"0":{"start":{"line":2,"column":0},"end":{"line":2,"column":50}},"1":{"start":{"line":3,"column":0},"end":{"line":3,"column":43}},"2":{"start":{"line":5,"column":0},"end":{"line":5,"column":61}},"3":{"start":{"line":8,"column":23},"end":{"line":17,"column":2}},"4":{"start":{"line":8,"column":45},"end":{"line":17,"column":2}},"5":{"start":{"line":10,"column":8},"end":{"line":10,"column":51}},"6":{"start":{"line":13,"column":4},"end":{"line":13,"column":31}},"7":{"start":{"line":15,"column":4},"end":{"line":15,"column":20}},"8":{"start":{"line":8,"column":13},"end":{"line":8,"column":23}}},"fnMap":{"0":{"name":"(anonymous_13)","decl":{"start":{"line":8,"column":23},"end":{"line":8,"column":30}},"loc":{"start":{"line":8,"column":45},"end":{"line":17,"column":2}}},"1":{"name":"(anonymous_14)","decl":{"start":{"line":8,"column":45},"end":{"line":8,"column":null}},"loc":{"start":{"line":8,"column":45},"end":{"line":17,"column":2}}}},"branchMap":{},"s":{"0":1,"1":1,"2":1,"3":1,"4":1,"5":1,"6":2,"7":0,"8":1},"f":{"0":1,"1":1},"b":{}}
,"C:\\Users\\liviu.dumitrescu\\Desktop\\Serverless CodeBase-Sprint3\\Serverless-codebase\\myService\\src\\util\\logging.ts": {"path":"C:\\Users\\liviu.dumitrescu\\Desktop\\Serverless CodeBase-Sprint3\\Serverless-codebase\\myService\\src\\util\\logging.ts","statementMap":{"0":{"start":{"line":1,"column":0},"end":{"line":1,"column":58}},"1":{"start":{"line":2,"column":62},"end":{"line":2,"column":null}},"2":{"start":{"line":4,"column":13},"end":{"line":16,"column":null}}},"fnMap":{},"branchMap":{},"s":{"0":2,"1":10,"2":2},"f":{},"b":{}}
,"C:\\Users\\liviu.dumitrescu\\Desktop\\Serverless CodeBase-Sprint3\\Serverless-codebase\\myService\\src\\util\\aws\\SQS.ts": {"path":"C:\\Users\\liviu.dumitrescu\\Desktop\\Serverless CodeBase-Sprint3\\Serverless-codebase\\myService\\src\\util\\aws\\SQS.ts","statementMap":{"0":{"start":{"line":4,"column":2},"end":{"line":7,"column":5}},"1":{"start":{"line":5,"column":16},"end":{"line":5,"column":41}},"2":{"start":{"line":6,"column":4},"end":{"line":6,"column":15}},"3":{"start":{"line":3,"column":0},"end":{"line":3,"column":16}}},"fnMap":{"0":{"name":"sqsEventToTypes","decl":{"start":{"line":3,"column":16},"end":{"line":3,"column":31}},"loc":{"start":{"line":3,"column":50},"end":{"line":8,"column":1}}},"1":{"name":"(anonymous_1)","decl":{"start":{"line":4,"column":27},"end":{"line":4,"column":28}},"loc":{"start":{"line":4,"column":31},"end":{"line":7,"column":3}}}},"branchMap":{},"s":{"0":1,"1":1,"2":1,"3":1},"f":{"0":1,"1":1},"b":{}}
,"C:\\Users\\liviu.dumitrescu\\Desktop\\Serverless CodeBase-Sprint3\\Serverless-codebase\\myService\\src\\util\\handlers\\showMessage.ts": {"path":"C:\\Users\\liviu.dumitrescu\\Desktop\\Serverless CodeBase-Sprint3\\Serverless-codebase\\myService\\src\\util\\handlers\\showMessage.ts","statementMap":{"0":{"start":{"line":2,"column":0},"end":{"line":2,"column":43}},"1":{"start":{"line":7,"column":2},"end":{"line":7,"column":null}},"2":{"start":{"line":6,"column":0},"end":{"line":6,"column":22}}},"fnMap":{"0":{"name":"showMessage","decl":{"start":{"line":6,"column":22},"end":{"line":6,"column":33}},"loc":{"start":{"line":6,"column":46},"end":{"line":8,"column":null}}}},"branchMap":{},"s":{"0":1,"1":0,"2":1},"f":{"0":0},"b":{}}
}
