TN:
SF:src\handlers\handler.ts
FN:8,(anonymous_13)
FN:8,(anonymous_14)
FNF:2
FNH:2
FNDA:1,(anonymous_13)
FNDA:1,(anonymous_14)
DA:2,1
DA:3,1
DA:5,1
DA:8,1
DA:10,1
DA:13,2
DA:15,0
LF:7
LH:6
BRF:0
BRH:0
end_of_record
TN:
SF:src\util\logging.ts
FNF:0
FNH:0
DA:1,2
DA:2,10
DA:4,2
LF:3
LH:3
BRF:0
BRH:0
end_of_record
TN:
SF:src\util\aws\SQS.ts
FN:3,sqsEventToTypes
FN:4,(anonymous_1)
FNF:2
FNH:2
FNDA:1,sqsEventToTypes
FNDA:1,(anonymous_1)
DA:3,1
DA:4,1
DA:5,1
DA:6,1
LF:4
LH:4
BRF:0
BRH:0
end_of_record
TN:
SF:src\util\handlers\showMessage.ts
FN:6,showMessage
FNF:1
FNH:0
FNDA:0,showMessage
DA:2,1
DA:6,1
DA:7,0
LF:3
LH:2
BRF:0
BRH:0
end_of_record
